#
# A fatal error has been detected by the Java Runtime Environment:
#
#  EXCEPTION_ACCESS_VIOLATION (0xc0000005) at pc=0x00007ffd7f9526c4, pid=16968, tid=10456
#
# JRE version: Java(TM) SE Runtime Environment (24.0.1+9) (build 24.0.1+9-30)
# Java VM: Java HotSpot(TM) 64-Bit Server VM (24.0.1+9-30, mixed mode, sharing, tiered, compressed oops, compressed class ptrs, g1 gc, windows-amd64)
# Problematic frame:
# C  [libasyncProfiler.dll+0x926c4]
#
# No core dump will be written. Minidumps are not enabled by default on client versions of Windows
#
# JFR recording file will be written. Location: C:\Users\AAAA\IdeaProjects\lianxi_1\hs_err_pid16968.jfr
#
# If you would like to submit a bug report, please visit:
#   https://bugreport.java.com/bugreport/crash.jsp
# The crash happened outside the Java Virtual Machine in native code.
# See problematic frame for where to report the bug.
#

---------------  S U M M A R Y ------------

Command Line: -javaagent:D:\idea\IntelliJ IDEA 2025.1.1.1\lib\idea_rt.jar=58188 -Dfile.encoding=UTF-8 -Dsun.stdout.encoding=UTF-8 -Dsun.stderr.encoding=UTF-8 lianxi.lianxi_3

Host: Intel(R) Core(TM) i5-10210U CPU @ 1.60GHz, 8 cores, 15G,  Windows 10 , 64 bit Build 19041 (10.0.19041.5794)
Time: Sun May 25 11:05:58 2025  Windows 10 , 64 bit Build 19041 (10.0.19041.5794) elapsed time: 6.151767 seconds (0d 0h 0m 6s)

---------------  T H R E A D  ---------------

Current thread (0x0000024b2b8c2ea0):  JavaThread "Attach Listener" daemon [_thread_in_native, id=10456, stack(0x000000cc0b200000,0x000000cc0b300000) (1024K)]

Stack: [0x000000cc0b200000,0x000000cc0b300000],  sp=0x000000cc0b2ff210,  free space=1020k
Native frames: (J=compiled Java code, j=interpreted, Vv=VM code, C=native code)
C  [libasyncProfiler.dll+0x926c4]  (no source info available)
C  [libasyncProfiler.dll+0x92b9b]  (no source info available)
C  [libasyncProfiler.dll+0x917f4]  (no source info available)
C  [libasyncProfiler.dll+0x9206a]  (no source info available)
C  [libasyncProfiler.dll+0x8cc21]  (no source info available)
C  [libasyncProfiler.dll+0x7e5e1]  (no source info available)
C  [libasyncProfiler.dll+0x7d2f8]  (no source info available)
C  [libasyncProfiler.dll+0x7d1e0]  (no source info available)
C  [libasyncProfiler.dll+0x841b9]  (no source info available)
V  [jvm.dll+0x57eff7]  (no source info available)
V  [jvm.dll+0x57fdac]  (no source info available)
V  [jvm.dll+0x14ca17]  (no source info available)
V  [jvm.dll+0x14dfe1]  (no source info available)
V  [jvm.dll+0x42f456]  (no source info available)
V  [jvm.dll+0x87d76b]  (no source info available)
V  [jvm.dll+0x72ee55]  (no source info available)
C  [ucrtbase.dll+0x21bb2]  (no source info available)
C  [KERNEL32.DLL+0x17374]  (no source info available)
C  [ntdll.dll+0x4cc91]  (no source info available)


siginfo: EXCEPTION_ACCESS_VIOLATION (0xc0000005), reading address 0xffffffffffffffff


Registers:
RAX=0x0000000000000010, RBX=0x0000000000000000, RCX=0xffffffffffffffff, RDX=0x007ffd73e4301010
RSP=0x000000cc0b2ff210, RBP=0x0000024b7152deb0, RSI=0x000000cc0b2ff380, RDI=0x0000024b7152deb0
R8 =0x0000000000000042, R9 =0x0000000715c01ed8, R10=0x00007ffd740b9fb0, R11=0x0000000000000002
R12=0x000000cc0b2ff380, R13=0x0000024b71886220, R14=0x0000024b2b8c3268, R15=0x0000024b2b8c3268
RIP=0x00007ffd7f9526c4, EFLAGS=0x0000000000010202

XMM[0]=0x0000000000000000 0x0000000000000000
XMM[1]=0x0000000000000000 0x0000000000000000
XMM[2]=0x0000000000000000 0x0000000000000000
XMM[3]=0x0000000000000000 0x0000000000000000
XMM[4]=0x0000000000000000 0x0000000000000000
XMM[5]=0x0000000000000000 0x0000000000000000
XMM[6]=0x0000000000000000 0x0000000000000000
XMM[7]=0x0000000000000000 0x0000000000000000
XMM[8]=0x0000000000000000 0x0000000000000000
XMM[9]=0x0000000000000000 0x0000000000000000
XMM[10]=0x0000000000000000 0x0000000000000000
XMM[11]=0x0000000000000000 0x0000000000000000
XMM[12]=0x0000000000000000 0x0000000000000000
XMM[13]=0x0000000000000000 0x0000000000000000
XMM[14]=0x0000000000000000 0x0000000000000000
XMM[15]=0x0000000000000000 0x0000000000000000
  MXCSR=0x00001fa0


Register to memory mapping:

RAX=0x0000000000000010 is an unknown value
RBX=0x0 is null
RCX=0xffffffffffffffff is an unknown value
RDX=0x007ffd73e4301010 is an unknown value
RSP=0x000000cc0b2ff210 is pointing into the stack for thread: 0x0000024b2b8c2ea0
RBP=0x0000024b7152deb0 points into unknown readable memory: 0x0000000715c01ed8 | d8 1e c0 15 07 00 00 00
RSI=0x000000cc0b2ff380 is pointing into the stack for thread: 0x0000024b2b8c2ea0
RDI=0x0000024b7152deb0 points into unknown readable memory: 0x0000000715c01ed8 | d8 1e c0 15 07 00 00 00
R8 =0x0000000000000042 is an unknown value
R9 =0x0000000715c01ed8 is an oop: java.lang.Thread 
{0x0000000715c01ed8} - klass: 'java/lang/Thread' - flags: 

 - ---- fields (total size 14 words):
 - 'threadLocalRandomProbe' 'I' @12  0 (0x00000000)
 - private volatile 'eetop' 'J' @16  2521350747712 (0x0000024b0c373640)
 - private final 'tid' 'J' @24  3 (0x0000000000000003)
 - 'threadLocalRandomSeed' 'J' @32  0 (0x0000000000000000)
 - injected 'jvmti_thread_state' 'J' @40  2523050049616 (0x0000024b71808050)
 - 'threadLocalRandomSecondarySeed' 'I' @48  0 (0x00000000)
 - injected 'jvmti_VTMS_transition_disable_count' 'I' @52  0 (0x00000000)
 - injected 'jfr_epoch' 'S' @56  0 (0x0000)
 - volatile 'interrupted' 'Z' @58  false (0x00)
 - injected 'jvmti_is_in_VTMS_transition' 'Z' @59  false (0x00)
 - private volatile 'name' 'Ljava/lang/String;' @60  "main"{0x0000000715c01f48} (0xe2b803e9)
 - private volatile 'contextClassLoader' 'Ljava/lang/ClassLoader;' @64  a 'jdk/internal/loader/ClassLoaders$AppClassLoader'{0x0000000715c31758} (0xe2b862eb)
 - private final 'holder' 'Ljava/lang/Thread$FieldHolder;' @68  a 'java/lang/Thread$FieldHolder'{0x0000000715c01f88} (0xe2b803f1)
 - 'threadLocals' 'Ljava/lang/ThreadLocal$ThreadLocalMap;' @72  a 'java/lang/ThreadLocal$ThreadLocalMap'{0x0000000715a73da0} (0xe2b4e7b4)
 - 'inheritableThreadLocals' 'Ljava/lang/ThreadLocal$ThreadLocalMap;' @76  null (0x00000000)
 - private 'scopedValueBindings' 'Ljava/lang/Object;' @80  a 'java/lang/Class'{0x00000007ffe7c890} = 'java/lang/Thread' (0xfffcf912)
 - final 'interruptLock' 'Ljava/lang/Object;' @84  a 'java/lang/Object'{0x0000000715c01f78} (0xe2b803ef)
 - private volatile 'parkBlocker' 'Ljava/lang/Object;' @88  null (0x00000000)
 - private 'nioBlocker' 'Lsun/nio/ch/Interruptible;' @92  null (0x00000000)
 - private 'cont' 'Ljdk/internal/vm/Continuation;' @96  null (0x00000000)
 - private volatile 'uncaughtExceptionHandler' 'Ljava/lang/Thread$UncaughtExceptionHandler;' @100  null (0x00000000)
 - private 'container' 'Ljdk/internal/vm/ThreadContainer;' @104  null (0x00000000)
 - private volatile 'headStackableScopes' 'Ljdk/internal/vm/StackableScope;' @108  null (0x00000000)
R10=0x00007ffd740b9fb0 jvm.dll
R11=0x0000000000000002 is an unknown value
R12=0x000000cc0b2ff380 is pointing into the stack for thread: 0x0000024b2b8c2ea0
R13=0x0000024b71886220 points into unknown readable memory: 0x00007ffd7402a510 | 10 a5 02 74 fd 7f 00 00
R14=0x0000024b2b8c3268 points into unknown readable memory: 0x00007ffd740217b0 | b0 17 02 74 fd 7f 00 00
R15=0x0000024b2b8c3268 points into unknown readable memory: 0x00007ffd740217b0 | b0 17 02 74 fd 7f 00 00

Top of Stack: (sp=0x000000cc0b2ff210)
0x000000cc0b2ff210:   000000cc0b2ff380 0000024b7152deb0   ../.......RqK...
0x000000cc0b2ff220:   0000000000000000 0000024b2b8c35f0   .........5.+K...
0x000000cc0b2ff230:   000000000000001f 00007ffd7f952b9b   .........+......
0x000000cc0b2ff240:   0000000000000000 0000024b2b8c3268   ........h2.+K...
0x000000cc0b2ff250:   000000cc0b2ff301 0000000000000000   ../.............
0x000000cc0b2ff260:   0000024b71dec670 00007ffd7f9517f4   p..qK...........
0x000000cc0b2ff270:   0000000000000000 000000000000001f   ................
0x000000cc0b2ff280:   0000000000000000 000000000000001f   ................
0x000000cc0b2ff290:   0000000e00000000 0000024b71de5df0   .........].qK...
0x000000cc0b2ff2a0:   0000024b71dec670 0000024b71dec6ec   p..qK......qK...
0x000000cc0b2ff2b0:   0000024b71dec718 0000000000004428   ...qK...(D......
0x000000cc0b2ff2c0:   0000000000000000 0000000000000000   ................
0x000000cc0b2ff2d0:   0000000000000000 00007ffd738857d4   .........W.s....
0x000000cc0b2ff2e0:   00007ffd7fa94ca0 0000000000004248   .L......HB......
0x000000cc0b2ff2f0:   00007ffd7fa94ca0 00000000ffffffff   .L..............
0x000000cc0b2ff300:   0000000000000000 00007ffd7f95206a   ........j ......
0x000000cc0b2ff310:   0000024b2b8c3268 0000000000000000   h2.+K...........
0x000000cc0b2ff320:   000000cc0b2ff389 0000024b71886220   ../..... b.qK...
0x000000cc0b2ff330:   0000000000000003 0000000000000048   ........H.......
0x000000cc0b2ff340:   0000000800800310 0000000000000020   ........ .......
0x000000cc0b2ff350:   0000024b2b8c3268 00007ffd7fa94ca0   h2.+K....L......
0x000000cc0b2ff360:   0000024b2b76a8b0 0000024b71808050   ..v+K...P..qK...
0x000000cc0b2ff370:   0000000800800390 0000024b2b8c3268   ........h2.+K...
0x000000cc0b2ff380:   0000024b2b8d31f0 0000024b2b8d35d0   .1.+K....5.+K...
0x000000cc0b2ff390:   0000024b2b8d35d0 00007ffd7fa94ca0   .5.+K....L......
0x000000cc0b2ff3a0:   000000cc0b2ff518 0000024b0a0e0000   ../.........K...
0x000000cc0b2ff3b0:   000000cc0b2ff650 0000000000008840   P./.....@.......
0x000000cc0b2ff3c0:   000000cc0b2ff830 00007ffd7fa94cf0   0./......L......
0x000000cc0b2ff3d0:   0000000000989680 0000000000989680   ................
0x000000cc0b2ff3e0:   000000cc0b2ff4f0 00007ffd7f94cc21   ../.....!.......
0x000000cc0b2ff3f0:   00007ffd7fa94ca0 00007ffd7fa94cf8   .L.......L......
0x000000cc0b2ff400:   00007ffd00000000 00007ffd00000001   ................

Instructions: (pc=0x00007ffd7f9526c4)
  0x00007ffd7f9525c4:   cc cc cc cc cc cc cc cc cc cc cc cc cc cc cc cc
  0x00007ffd7f9525d4:   cc cc cc cc cc cc cc cc cc cc cc cc cc cc cc cc
  0x00007ffd7f9525e4:   cc cc cc cc cc cc cc cc cc cc cc cc cc cc cc cc
  0x00007ffd7f9525f4:   cc cc cc cc cc cc cc cc cc cc cc cc cc cc cc cc
  0x00007ffd7f952604:   cc cc cc cc cc cc cc cc cc cc cc cc cc cc cc cc
  0x00007ffd7f952614:   cc cc cc cc cc cc cc cc cc cc cc cc cc cc cc cc
  0x00007ffd7f952624:   cc cc cc cc cc cc cc cc cc cc cc cc cc cc cc cc
  0x00007ffd7f952634:   cc cc cc cc cc cc cc cc cc cc cc cc cc cc cc cc
  0x00007ffd7f952644:   cc cc cc cc cc cc cc cc cc cc cc cc 40 57 48 83
  0x00007ffd7f952654:   ec 20 48 8b f9 48 8b 0d 10 28 14 00 48 85 c9 74
  0x00007ffd7f952664:   20 48 8b 01 48 8d 54 24 38 41 b8 06 00 01 00 4c
  0x00007ffd7f952674:   8b 48 30 41 ff d1 85 c0 75 07 48 8b 4c 24 38 eb
  0x00007ffd7f952684:   02 33 c9 4c 8b 05 ea 28 14 00 48 89 5c 24 30 4d
  0x00007ffd7f952694:   85 c0 74 4a 48 8b 01 48 8b d7 4c 8b 88 28 03 00
  0x00007ffd7f9526a4:   00 41 ff d1 48 85 c0 74 35 48 63 0d f8 e6 13 00
  0x00007ffd7f9526b4:   48 8b 14 01 48 85 d2 74 15 48 63 05 fc e6 13 00
=>0x00007ffd7f9526c4:   8b 04 10 48 8b 5c 24 30 48 83 c4 20 5f c3 b8 ff
  0x00007ffd7f9526d4:   ff ff ff 48 8b 5c 24 30 48 83 c4 20 5f c3 80 3d
  0x00007ffd7f9526e4:   9b 27 14 00 00 bb ff ff ff ff 74 20 4c 8b 0d 31
  0x00007ffd7f9526f4:   24 14 00 4c 8d 44 24 38 48 8b 0d 15 24 14 00 48
  0x00007ffd7f952704:   8b d7 41 ff d1 85 c0 0f 44 5c 24 38 8b c3 48 8b
  0x00007ffd7f952714:   5c 24 30 48 83 c4 20 5f c3 cc cc cc cc cc cc cc
  0x00007ffd7f952724:   cc cc cc cc cc cc cc cc cc cc cc cc cc cc cc cc
  0x00007ffd7f952734:   cc cc cc cc cc cc cc cc cc cc cc cc cc cc cc cc
  0x00007ffd7f952744:   cc cc cc cc cc cc cc cc cc cc cc cc 48 89 54 24
  0x00007ffd7f952754:   10 53 55 56 57 41 56 41 57 48 83 ec 28 48 8b f2
  0x00007ffd7f952764:   4c 8b f1 48 89 4c 24 78 45 33 ff 44 89 7c 24 68
  0x00007ffd7f952774:   c7 44 24 60 01 00 00 00 48 8d 4c 24 68 e8 ed 42
  0x00007ffd7f952784:   f7 ff 8b d8 48 8d 4c 24 60 e8 e1 42 f7 ff 8b e8
  0x00007ffd7f952794:   49 8b ce e8 00 fc f6 ff 48 8b f8 90 8b c3 f0 0f
  0x00007ffd7f9527a4:   b1 2f 74 04 f3 90 eb f4 4c 89 3e 4c 89 7e 08 4c
  0x00007ffd7f9527b4:   89 7e 10 49 8b 6e 08 4d 8b 76 10 49 3b ee 0f 84


Stack slot to memory mapping:

stack at sp + 0 slots: 0x000000cc0b2ff380 is pointing into the stack for thread: 0x0000024b2b8c2ea0
stack at sp + 1 slots: 0x0000024b7152deb0 points into unknown readable memory: 0x0000000715c01ed8 | d8 1e c0 15 07 00 00 00
stack at sp + 2 slots: 0x0 is null
stack at sp + 3 slots: 0x0000024b2b8c35f0 points into unknown readable memory: 0x6e616c2e6176616a | 6a 61 76 61 2e 6c 61 6e
stack at sp + 4 slots: 0x000000000000001f is an unknown value
stack at sp + 5 slots: 0x00007ffd7f952b9b libasyncProfiler.dll
stack at sp + 6 slots: 0x0 is null
stack at sp + 7 slots: 0x0000024b2b8c3268 points into unknown readable memory: 0x00007ffd740217b0 | b0 17 02 74 fd 7f 00 00

Lock stack of current Java thread (top to bottom):


---------------  P R O C E S S  ---------------

Threads class SMR info:
_java_thread_list=0x0000024b2ba4b260, length=18, elements={
0x0000024b0c373640, 0x0000024b2b8bc150, 0x0000024b2b8bcd50, 0x0000024b2b8c0260,
0x0000024b2b8c2ea0, 0x0000024b2b8c4170, 0x0000024b2b8c5440, 0x0000024b2b8ce330,
0x0000024b2b8d1660, 0x0000024b2bad8890, 0x0000024b2bad2f10, 0x0000024b2badecc0,
0x0000024b71783100, 0x0000024b719378b0, 0x0000024b717bc6e0, 0x0000024b717bf230,
0x0000024b71df2630, 0x0000024b2bbe9ea0
}

Java Threads: ( => current thread )
  0x0000024b0c373640 JavaThread "main"                              [_thread_in_Java, id=13852, stack(0x000000cc0a700000,0x000000cc0a800000) (1024K)]
  0x0000024b2b8bc150 JavaThread "Reference Handler"          daemon [_thread_blocked, id=2340, stack(0x000000cc0af00000,0x000000cc0b000000) (1024K)]
  0x0000024b2b8bcd50 JavaThread "Finalizer"                  daemon [_thread_blocked, id=6092, stack(0x000000cc0b000000,0x000000cc0b100000) (1024K)]
  0x0000024b2b8c0260 JavaThread "Signal Dispatcher"          daemon [_thread_blocked, id=14876, stack(0x000000cc0b100000,0x000000cc0b200000) (1024K)]
=>0x0000024b2b8c2ea0 JavaThread "Attach Listener"            daemon [_thread_in_native, id=10456, stack(0x000000cc0b200000,0x000000cc0b300000) (1024K)]
  0x0000024b2b8c4170 JavaThread "Service Thread"             daemon [_thread_blocked, id=20040, stack(0x000000cc0b300000,0x000000cc0b400000) (1024K)]
  0x0000024b2b8c5440 JavaThread "Monitor Deflation Thread"   daemon [_thread_blocked, id=6832, stack(0x000000cc0b400000,0x000000cc0b500000) (1024K)]
  0x0000024b2b8ce330 JavaThread "C2 CompilerThread0"         daemon [_thread_blocked, id=14676, stack(0x000000cc0b500000,0x000000cc0b600000) (1024K)]
  0x0000024b2b8d1660 JavaThread "C1 CompilerThread0"         daemon [_thread_blocked, id=11132, stack(0x000000cc0b600000,0x000000cc0b700000) (1024K)]
  0x0000024b2bad8890 JavaThread "Common-Cleaner"             daemon [_thread_blocked, id=15600, stack(0x000000cc0b700000,0x000000cc0b800000) (1024K)]
  0x0000024b2bad2f10 JavaThread "Monitor Ctrl-Break"         daemon [_thread_in_native, id=18604, stack(0x000000cc0b800000,0x000000cc0b900000) (1024K)]
  0x0000024b2badecc0 JavaThread "Notification Thread"        daemon [_thread_blocked, id=9200, stack(0x000000cc0b900000,0x000000cc0ba00000) (1024K)]
  0x0000024b71783100 JavaThread "RMI TCP Accept-0"           daemon [_thread_in_native, id=20272, stack(0x000000cc0bc00000,0x000000cc0bd00000) (1024K)]
  0x0000024b719378b0 JavaThread "RMI TCP Connection(1)-192.168.33.1" daemon [_thread_in_native, id=19976, stack(0x000000cc0bd00000,0x000000cc0be00000) (1024K)]
  0x0000024b717bc6e0 JavaThread "RMI Scheduler(0)"           daemon [_thread_blocked, id=18040, stack(0x000000cc0be00000,0x000000cc0bf00000) (1024K)]
  0x0000024b717bf230 JavaThread "JMX server connection timeout 31" daemon [_thread_blocked, id=16224, stack(0x000000cc0bf00000,0x000000cc0c000000) (1024K)]
  0x0000024b71df2630 JavaThread "JFR Recorder Thread"        daemon [_thread_in_native, id=7188, stack(0x000000cc0c000000,0x000000cc0c100000) (1024K)]
  0x0000024b2bbe9ea0 JavaThread "JFR Periodic Tasks"         daemon [_thread_blocked, id=17448, stack(0x000000cc0c100000,0x000000cc0c200000) (1024K)]
Total: 18

Other Threads:
  0x0000024b2b8a3020 VMThread "VM Thread"                           [id=4700, stack(0x000000cc0ae00000,0x000000cc0af00000) (1024K)]
  0x0000024b2b7724d0 WatcherThread "VM Periodic Task Thread"        [id=17160, stack(0x000000cc0ad00000,0x000000cc0ae00000) (1024K)]
  0x0000024b0a1dde50 WorkerThread "GC Thread#0"                     [id=17016, stack(0x000000cc0a800000,0x000000cc0a900000) (1024K)]
  0x0000024b0c3eae50 ConcurrentGCThread "G1 Main Marker"            [id=19624, stack(0x000000cc0a900000,0x000000cc0aa00000) (1024K)]
  0x0000024b0c3ebdb0 WorkerThread "G1 Conc#0"                       [id=3716, stack(0x000000cc0aa00000,0x000000cc0ab00000) (1024K)]
  0x0000024b0c43e980 ConcurrentGCThread "G1 Refine#0"               [id=16216, stack(0x000000cc0ab00000,0x000000cc0ac00000) (1024K)]
  0x0000024b2b7686e0 ConcurrentGCThread "G1 Service"                [id=4480, stack(0x000000cc0ac00000,0x000000cc0ad00000) (1024K)]
Total: 7

Threads with active compile tasks:
Total: 0

VM state: not at safepoint (normal execution)

VM Mutex/Monitor currently owned by a thread: None

Heap address: 0x0000000706400000, size: 3996 MB, Compressed Oops mode: Zero based, Oop shift amount: 3

CDS archive(s) mapped at: [0x0000024b2c000000-0x0000024b2cd40000-0x0000024b2cd40000), size 13893632, SharedBaseAddress: 0x0000024b2c000000, ArchiveRelocationMode: 1.
Compressed class space mapped at: 0x0000024b2d000000-0x0000024b6d000000, reserved size: 1073741824
UseCompressedClassPointers 1, UseCompactObjectHeaders 0
Narrow klass pointer bits 32, Max shift 3
Narrow klass base: 0x0000024b2c000000, Narrow klass shift: 0
Encoding Range: [0x0000024b2c000000 - 0x0000024c2c000000), (4294967296 bytes)
Klass Range:    [0x0000024b2c000000 - 0x0000024b6d000000), (1090519040 bytes)
Klass ID Range:  [8 - 1090519033) (1090519025)

GC Precious Log:
 CardTable entry size: 512
 Card Set container configuration: InlinePtr #cards 4 size 8 Array Of Cards #cards 16 size 48 Howl #buckets 8 coarsen threshold 3686 Howl Bitmap #cards 512 size 80 coarsen threshold 460 Card regions per heap region 1 cards per card region 4096
 CPUs: 8 total, 8 available
 Memory: 15977M
 Large Page Support: Disabled
 NUMA Support: Disabled
 Compressed Oops: Enabled (Zero based)
 Heap Region Size: 2M
 Heap Min Capacity: 8M
 Heap Initial Capacity: 250M
 Heap Max Capacity: 3996M
 Pre-touch: Disabled
 Parallel Workers: 8
 Concurrent Workers: 2
 Concurrent Refinement Workers: 8
 Periodic GC: Disabled

Heap:
 garbage-first heap   total reserved 4091904K, committed 258048K, used 31860K [0x0000000706400000, 0x0000000800000000)
  region size 2048K, 16 young (32768K), 0 survivors (0K)
 Metaspace       used 7691K, committed 7936K, reserved 1114112K
  class space    used 718K, committed 832K, reserved 1048576K

Heap Regions: E=young(eden), S=young(survivor), O=old, HS=humongous(starts), HC=humongous(continues), CS=collection set, F=free, TAMS=top-at-mark-start, PB=parsable bottom
|   0|0x0000000706400000, 0x0000000706400000, 0x0000000706600000|  0%| F|  |TAMS 0x0000000706400000| PB 0x0000000706400000| Untracked |  0
|   1|0x0000000706600000, 0x0000000706600000, 0x0000000706800000|  0%| F|  |TAMS 0x0000000706600000| PB 0x0000000706600000| Untracked |  0
|   2|0x0000000706800000, 0x0000000706800000, 0x0000000706a00000|  0%| F|  |TAMS 0x0000000706800000| PB 0x0000000706800000| Untracked |  0
|   3|0x0000000706a00000, 0x0000000706a00000, 0x0000000706c00000|  0%| F|  |TAMS 0x0000000706a00000| PB 0x0000000706a00000| Untracked |  0
|   4|0x0000000706c00000, 0x0000000706c00000, 0x0000000706e00000|  0%| F|  |TAMS 0x0000000706c00000| PB 0x0000000706c00000| Untracked |  0
|   5|0x0000000706e00000, 0x0000000706e00000, 0x0000000707000000|  0%| F|  |TAMS 0x0000000706e00000| PB 0x0000000706e00000| Untracked |  0
|   6|0x0000000707000000, 0x0000000707000000, 0x0000000707200000|  0%| F|  |TAMS 0x0000000707000000| PB 0x0000000707000000| Untracked |  0
|   7|0x0000000707200000, 0x0000000707200000, 0x0000000707400000|  0%| F|  |TAMS 0x0000000707200000| PB 0x0000000707200000| Untracked |  0
|   8|0x0000000707400000, 0x0000000707400000, 0x0000000707600000|  0%| F|  |TAMS 0x0000000707400000| PB 0x0000000707400000| Untracked |  0
|   9|0x0000000707600000, 0x0000000707600000, 0x0000000707800000|  0%| F|  |TAMS 0x0000000707600000| PB 0x0000000707600000| Untracked |  0
|  10|0x0000000707800000, 0x0000000707800000, 0x0000000707a00000|  0%| F|  |TAMS 0x0000000707800000| PB 0x0000000707800000| Untracked |  0
|  11|0x0000000707a00000, 0x0000000707a00000, 0x0000000707c00000|  0%| F|  |TAMS 0x0000000707a00000| PB 0x0000000707a00000| Untracked |  0
|  12|0x0000000707c00000, 0x0000000707c00000, 0x0000000707e00000|  0%| F|  |TAMS 0x0000000707c00000| PB 0x0000000707c00000| Untracked |  0
|  13|0x0000000707e00000, 0x0000000707e00000, 0x0000000708000000|  0%| F|  |TAMS 0x0000000707e00000| PB 0x0000000707e00000| Untracked |  0
|  14|0x0000000708000000, 0x0000000708000000, 0x0000000708200000|  0%| F|  |TAMS 0x0000000708000000| PB 0x0000000708000000| Untracked |  0
|  15|0x0000000708200000, 0x0000000708200000, 0x0000000708400000|  0%| F|  |TAMS 0x0000000708200000| PB 0x0000000708200000| Untracked |  0
|  16|0x0000000708400000, 0x0000000708400000, 0x0000000708600000|  0%| F|  |TAMS 0x0000000708400000| PB 0x0000000708400000| Untracked |  0
|  17|0x0000000708600000, 0x0000000708600000, 0x0000000708800000|  0%| F|  |TAMS 0x0000000708600000| PB 0x0000000708600000| Untracked |  0
|  18|0x0000000708800000, 0x0000000708800000, 0x0000000708a00000|  0%| F|  |TAMS 0x0000000708800000| PB 0x0000000708800000| Untracked |  0
|  19|0x0000000708a00000, 0x0000000708a00000, 0x0000000708c00000|  0%| F|  |TAMS 0x0000000708a00000| PB 0x0000000708a00000| Untracked |  0
|  20|0x0000000708c00000, 0x0000000708c00000, 0x0000000708e00000|  0%| F|  |TAMS 0x0000000708c00000| PB 0x0000000708c00000| Untracked |  0
|  21|0x0000000708e00000, 0x0000000708e00000, 0x0000000709000000|  0%| F|  |TAMS 0x0000000708e00000| PB 0x0000000708e00000| Untracked |  0
|  22|0x0000000709000000, 0x0000000709000000, 0x0000000709200000|  0%| F|  |TAMS 0x0000000709000000| PB 0x0000000709000000| Untracked |  0
|  23|0x0000000709200000, 0x0000000709200000, 0x0000000709400000|  0%| F|  |TAMS 0x0000000709200000| PB 0x0000000709200000| Untracked |  0
|  24|0x0000000709400000, 0x0000000709400000, 0x0000000709600000|  0%| F|  |TAMS 0x0000000709400000| PB 0x0000000709400000| Untracked |  0
|  25|0x0000000709600000, 0x0000000709600000, 0x0000000709800000|  0%| F|  |TAMS 0x0000000709600000| PB 0x0000000709600000| Untracked |  0
|  26|0x0000000709800000, 0x0000000709800000, 0x0000000709a00000|  0%| F|  |TAMS 0x0000000709800000| PB 0x0000000709800000| Untracked |  0
|  27|0x0000000709a00000, 0x0000000709a00000, 0x0000000709c00000|  0%| F|  |TAMS 0x0000000709a00000| PB 0x0000000709a00000| Untracked |  0
|  28|0x0000000709c00000, 0x0000000709c00000, 0x0000000709e00000|  0%| F|  |TAMS 0x0000000709c00000| PB 0x0000000709c00000| Untracked |  0
|  29|0x0000000709e00000, 0x0000000709e00000, 0x000000070a000000|  0%| F|  |TAMS 0x0000000709e00000| PB 0x0000000709e00000| Untracked |  0
|  30|0x000000070a000000, 0x000000070a000000, 0x000000070a200000|  0%| F|  |TAMS 0x000000070a000000| PB 0x000000070a000000| Untracked |  0
|  31|0x000000070a200000, 0x000000070a200000, 0x000000070a400000|  0%| F|  |TAMS 0x000000070a200000| PB 0x000000070a200000| Untracked |  0
|  32|0x000000070a400000, 0x000000070a400000, 0x000000070a600000|  0%| F|  |TAMS 0x000000070a400000| PB 0x000000070a400000| Untracked |  0
|  33|0x000000070a600000, 0x000000070a600000, 0x000000070a800000|  0%| F|  |TAMS 0x000000070a600000| PB 0x000000070a600000| Untracked |  0
|  34|0x000000070a800000, 0x000000070a800000, 0x000000070aa00000|  0%| F|  |TAMS 0x000000070a800000| PB 0x000000070a800000| Untracked |  0
|  35|0x000000070aa00000, 0x000000070aa00000, 0x000000070ac00000|  0%| F|  |TAMS 0x000000070aa00000| PB 0x000000070aa00000| Untracked |  0
|  36|0x000000070ac00000, 0x000000070ac00000, 0x000000070ae00000|  0%| F|  |TAMS 0x000000070ac00000| PB 0x000000070ac00000| Untracked |  0
|  37|0x000000070ae00000, 0x000000070ae00000, 0x000000070b000000|  0%| F|  |TAMS 0x000000070ae00000| PB 0x000000070ae00000| Untracked |  0
|  38|0x000000070b000000, 0x000000070b000000, 0x000000070b200000|  0%| F|  |TAMS 0x000000070b000000| PB 0x000000070b000000| Untracked |  0
|  39|0x000000070b200000, 0x000000070b200000, 0x000000070b400000|  0%| F|  |TAMS 0x000000070b200000| PB 0x000000070b200000| Untracked |  0
|  40|0x000000070b400000, 0x000000070b400000, 0x000000070b600000|  0%| F|  |TAMS 0x000000070b400000| PB 0x000000070b400000| Untracked |  0
|  41|0x000000070b600000, 0x000000070b600000, 0x000000070b800000|  0%| F|  |TAMS 0x000000070b600000| PB 0x000000070b600000| Untracked |  0
|  42|0x000000070b800000, 0x000000070b800000, 0x000000070ba00000|  0%| F|  |TAMS 0x000000070b800000| PB 0x000000070b800000| Untracked |  0
|  43|0x000000070ba00000, 0x000000070ba00000, 0x000000070bc00000|  0%| F|  |TAMS 0x000000070ba00000| PB 0x000000070ba00000| Untracked |  0
|  44|0x000000070bc00000, 0x000000070bc00000, 0x000000070be00000|  0%| F|  |TAMS 0x000000070bc00000| PB 0x000000070bc00000| Untracked |  0
|  45|0x000000070be00000, 0x000000070be00000, 0x000000070c000000|  0%| F|  |TAMS 0x000000070be00000| PB 0x000000070be00000| Untracked |  0
|  46|0x000000070c000000, 0x000000070c000000, 0x000000070c200000|  0%| F|  |TAMS 0x000000070c000000| PB 0x000000070c000000| Untracked |  0
|  47|0x000000070c200000, 0x000000070c200000, 0x000000070c400000|  0%| F|  |TAMS 0x000000070c200000| PB 0x000000070c200000| Untracked |  0
|  48|0x000000070c400000, 0x000000070c400000, 0x000000070c600000|  0%| F|  |TAMS 0x000000070c400000| PB 0x000000070c400000| Untracked |  0
|  49|0x000000070c600000, 0x000000070c600000, 0x000000070c800000|  0%| F|  |TAMS 0x000000070c600000| PB 0x000000070c600000| Untracked |  0
|  50|0x000000070c800000, 0x000000070c800000, 0x000000070ca00000|  0%| F|  |TAMS 0x000000070c800000| PB 0x000000070c800000| Untracked |  0
|  51|0x000000070ca00000, 0x000000070ca00000, 0x000000070cc00000|  0%| F|  |TAMS 0x000000070ca00000| PB 0x000000070ca00000| Untracked |  0
|  52|0x000000070cc00000, 0x000000070cc00000, 0x000000070ce00000|  0%| F|  |TAMS 0x000000070cc00000| PB 0x000000070cc00000| Untracked |  0
|  53|0x000000070ce00000, 0x000000070ce00000, 0x000000070d000000|  0%| F|  |TAMS 0x000000070ce00000| PB 0x000000070ce00000| Untracked |  0
|  54|0x000000070d000000, 0x000000070d000000, 0x000000070d200000|  0%| F|  |TAMS 0x000000070d000000| PB 0x000000070d000000| Untracked |  0
|  55|0x000000070d200000, 0x000000070d200000, 0x000000070d400000|  0%| F|  |TAMS 0x000000070d200000| PB 0x000000070d200000| Untracked |  0
|  56|0x000000070d400000, 0x000000070d400000, 0x000000070d600000|  0%| F|  |TAMS 0x000000070d400000| PB 0x000000070d400000| Untracked |  0
|  57|0x000000070d600000, 0x000000070d600000, 0x000000070d800000|  0%| F|  |TAMS 0x000000070d600000| PB 0x000000070d600000| Untracked |  0
|  58|0x000000070d800000, 0x000000070d800000, 0x000000070da00000|  0%| F|  |TAMS 0x000000070d800000| PB 0x000000070d800000| Untracked |  0
|  59|0x000000070da00000, 0x000000070da00000, 0x000000070dc00000|  0%| F|  |TAMS 0x000000070da00000| PB 0x000000070da00000| Untracked |  0
|  60|0x000000070dc00000, 0x000000070dc00000, 0x000000070de00000|  0%| F|  |TAMS 0x000000070dc00000| PB 0x000000070dc00000| Untracked |  0
|  61|0x000000070de00000, 0x000000070de00000, 0x000000070e000000|  0%| F|  |TAMS 0x000000070de00000| PB 0x000000070de00000| Untracked |  0
|  62|0x000000070e000000, 0x000000070e000000, 0x000000070e200000|  0%| F|  |TAMS 0x000000070e000000| PB 0x000000070e000000| Untracked |  0
|  63|0x000000070e200000, 0x000000070e200000, 0x000000070e400000|  0%| F|  |TAMS 0x000000070e200000| PB 0x000000070e200000| Untracked |  0
|  64|0x000000070e400000, 0x000000070e400000, 0x000000070e600000|  0%| F|  |TAMS 0x000000070e400000| PB 0x000000070e400000| Untracked |  0
|  65|0x000000070e600000, 0x000000070e600000, 0x000000070e800000|  0%| F|  |TAMS 0x000000070e600000| PB 0x000000070e600000| Untracked |  0
|  66|0x000000070e800000, 0x000000070e800000, 0x000000070ea00000|  0%| F|  |TAMS 0x000000070e800000| PB 0x000000070e800000| Untracked |  0
|  67|0x000000070ea00000, 0x000000070ea00000, 0x000000070ec00000|  0%| F|  |TAMS 0x000000070ea00000| PB 0x000000070ea00000| Untracked |  0
|  68|0x000000070ec00000, 0x000000070ec00000, 0x000000070ee00000|  0%| F|  |TAMS 0x000000070ec00000| PB 0x000000070ec00000| Untracked |  0
|  69|0x000000070ee00000, 0x000000070ee00000, 0x000000070f000000|  0%| F|  |TAMS 0x000000070ee00000| PB 0x000000070ee00000| Untracked |  0
|  70|0x000000070f000000, 0x000000070f000000, 0x000000070f200000|  0%| F|  |TAMS 0x000000070f000000| PB 0x000000070f000000| Untracked |  0
|  71|0x000000070f200000, 0x000000070f200000, 0x000000070f400000|  0%| F|  |TAMS 0x000000070f200000| PB 0x000000070f200000| Untracked |  0
|  72|0x000000070f400000, 0x000000070f400000, 0x000000070f600000|  0%| F|  |TAMS 0x000000070f400000| PB 0x000000070f400000| Untracked |  0
|  73|0x000000070f600000, 0x000000070f600000, 0x000000070f800000|  0%| F|  |TAMS 0x000000070f600000| PB 0x000000070f600000| Untracked |  0
|  74|0x000000070f800000, 0x000000070f800000, 0x000000070fa00000|  0%| F|  |TAMS 0x000000070f800000| PB 0x000000070f800000| Untracked |  0
|  75|0x000000070fa00000, 0x000000070fa00000, 0x000000070fc00000|  0%| F|  |TAMS 0x000000070fa00000| PB 0x000000070fa00000| Untracked |  0
|  76|0x000000070fc00000, 0x000000070fc00000, 0x000000070fe00000|  0%| F|  |TAMS 0x000000070fc00000| PB 0x000000070fc00000| Untracked |  0
|  77|0x000000070fe00000, 0x000000070fe00000, 0x0000000710000000|  0%| F|  |TAMS 0x000000070fe00000| PB 0x000000070fe00000| Untracked |  0
|  78|0x0000000710000000, 0x0000000710000000, 0x0000000710200000|  0%| F|  |TAMS 0x0000000710000000| PB 0x0000000710000000| Untracked |  0
|  79|0x0000000710200000, 0x0000000710200000, 0x0000000710400000|  0%| F|  |TAMS 0x0000000710200000| PB 0x0000000710200000| Untracked |  0
|  80|0x0000000710400000, 0x0000000710400000, 0x0000000710600000|  0%| F|  |TAMS 0x0000000710400000| PB 0x0000000710400000| Untracked |  0
|  81|0x0000000710600000, 0x0000000710600000, 0x0000000710800000|  0%| F|  |TAMS 0x0000000710600000| PB 0x0000000710600000| Untracked |  0
|  82|0x0000000710800000, 0x0000000710800000, 0x0000000710a00000|  0%| F|  |TAMS 0x0000000710800000| PB 0x0000000710800000| Untracked |  0
|  83|0x0000000710a00000, 0x0000000710a00000, 0x0000000710c00000|  0%| F|  |TAMS 0x0000000710a00000| PB 0x0000000710a00000| Untracked |  0
|  84|0x0000000710c00000, 0x0000000710c00000, 0x0000000710e00000|  0%| F|  |TAMS 0x0000000710c00000| PB 0x0000000710c00000| Untracked |  0
|  85|0x0000000710e00000, 0x0000000710e00000, 0x0000000711000000|  0%| F|  |TAMS 0x0000000710e00000| PB 0x0000000710e00000| Untracked |  0
|  86|0x0000000711000000, 0x0000000711000000, 0x0000000711200000|  0%| F|  |TAMS 0x0000000711000000| PB 0x0000000711000000| Untracked |  0
|  87|0x0000000711200000, 0x0000000711200000, 0x0000000711400000|  0%| F|  |TAMS 0x0000000711200000| PB 0x0000000711200000| Untracked |  0
|  88|0x0000000711400000, 0x0000000711400000, 0x0000000711600000|  0%| F|  |TAMS 0x0000000711400000| PB 0x0000000711400000| Untracked |  0
|  89|0x0000000711600000, 0x0000000711600000, 0x0000000711800000|  0%| F|  |TAMS 0x0000000711600000| PB 0x0000000711600000| Untracked |  0
|  90|0x0000000711800000, 0x0000000711800000, 0x0000000711a00000|  0%| F|  |TAMS 0x0000000711800000| PB 0x0000000711800000| Untracked |  0
|  91|0x0000000711a00000, 0x0000000711a00000, 0x0000000711c00000|  0%| F|  |TAMS 0x0000000711a00000| PB 0x0000000711a00000| Untracked |  0
|  92|0x0000000711c00000, 0x0000000711c00000, 0x0000000711e00000|  0%| F|  |TAMS 0x0000000711c00000| PB 0x0000000711c00000| Untracked |  0
|  93|0x0000000711e00000, 0x0000000711e00000, 0x0000000712000000|  0%| F|  |TAMS 0x0000000711e00000| PB 0x0000000711e00000| Untracked |  0
|  94|0x0000000712000000, 0x0000000712000000, 0x0000000712200000|  0%| F|  |TAMS 0x0000000712000000| PB 0x0000000712000000| Untracked |  0
|  95|0x0000000712200000, 0x0000000712200000, 0x0000000712400000|  0%| F|  |TAMS 0x0000000712200000| PB 0x0000000712200000| Untracked |  0
|  96|0x0000000712400000, 0x0000000712400000, 0x0000000712600000|  0%| F|  |TAMS 0x0000000712400000| PB 0x0000000712400000| Untracked |  0
|  97|0x0000000712600000, 0x0000000712600000, 0x0000000712800000|  0%| F|  |TAMS 0x0000000712600000| PB 0x0000000712600000| Untracked |  0
|  98|0x0000000712800000, 0x0000000712800000, 0x0000000712a00000|  0%| F|  |TAMS 0x0000000712800000| PB 0x0000000712800000| Untracked |  0
|  99|0x0000000712a00000, 0x0000000712a00000, 0x0000000712c00000|  0%| F|  |TAMS 0x0000000712a00000| PB 0x0000000712a00000| Untracked |  0
| 100|0x0000000712c00000, 0x0000000712c00000, 0x0000000712e00000|  0%| F|  |TAMS 0x0000000712c00000| PB 0x0000000712c00000| Untracked |  0
| 101|0x0000000712e00000, 0x0000000712e00000, 0x0000000713000000|  0%| F|  |TAMS 0x0000000712e00000| PB 0x0000000712e00000| Untracked |  0
| 102|0x0000000713000000, 0x0000000713000000, 0x0000000713200000|  0%| F|  |TAMS 0x0000000713000000| PB 0x0000000713000000| Untracked |  0
| 103|0x0000000713200000, 0x0000000713200000, 0x0000000713400000|  0%| F|  |TAMS 0x0000000713200000| PB 0x0000000713200000| Untracked |  0
| 104|0x0000000713400000, 0x0000000713400000, 0x0000000713600000|  0%| F|  |TAMS 0x0000000713400000| PB 0x0000000713400000| Untracked |  0
| 105|0x0000000713600000, 0x0000000713600000, 0x0000000713800000|  0%| F|  |TAMS 0x0000000713600000| PB 0x0000000713600000| Untracked |  0
| 106|0x0000000713800000, 0x0000000713800000, 0x0000000713a00000|  0%| F|  |TAMS 0x0000000713800000| PB 0x0000000713800000| Untracked |  0
| 107|0x0000000713a00000, 0x0000000713a00000, 0x0000000713c00000|  0%| F|  |TAMS 0x0000000713a00000| PB 0x0000000713a00000| Untracked |  0
| 108|0x0000000713c00000, 0x0000000713c00000, 0x0000000713e00000|  0%| F|  |TAMS 0x0000000713c00000| PB 0x0000000713c00000| Untracked |  0
| 109|0x0000000713e00000, 0x0000000713f0fc88, 0x0000000714000000| 53%| E|  |TAMS 0x0000000713e00000| PB 0x0000000713e00000| Complete |  0
| 110|0x0000000714000000, 0x0000000714200000, 0x0000000714200000|100%| E|CS|TAMS 0x0000000714000000| PB 0x0000000714000000| Complete |  0
| 111|0x0000000714200000, 0x0000000714400000, 0x0000000714400000|100%| E|CS|TAMS 0x0000000714200000| PB 0x0000000714200000| Complete |  0
| 112|0x0000000714400000, 0x0000000714600000, 0x0000000714600000|100%| E|CS|TAMS 0x0000000714400000| PB 0x0000000714400000| Complete |  0
| 113|0x0000000714600000, 0x0000000714800000, 0x0000000714800000|100%| E|CS|TAMS 0x0000000714600000| PB 0x0000000714600000| Complete |  0
| 114|0x0000000714800000, 0x0000000714a00000, 0x0000000714a00000|100%| E|CS|TAMS 0x0000000714800000| PB 0x0000000714800000| Complete |  0
| 115|0x0000000714a00000, 0x0000000714c00000, 0x0000000714c00000|100%| E|CS|TAMS 0x0000000714a00000| PB 0x0000000714a00000| Complete |  0
| 116|0x0000000714c00000, 0x0000000714e00000, 0x0000000714e00000|100%| E|CS|TAMS 0x0000000714c00000| PB 0x0000000714c00000| Complete |  0
| 117|0x0000000714e00000, 0x0000000715000000, 0x0000000715000000|100%| E|CS|TAMS 0x0000000714e00000| PB 0x0000000714e00000| Complete |  0
| 118|0x0000000715000000, 0x0000000715200000, 0x0000000715200000|100%| E|CS|TAMS 0x0000000715000000| PB 0x0000000715000000| Complete |  0
| 119|0x0000000715200000, 0x0000000715400000, 0x0000000715400000|100%| E|CS|TAMS 0x0000000715200000| PB 0x0000000715200000| Complete |  0
| 120|0x0000000715400000, 0x0000000715600000, 0x0000000715600000|100%| E|CS|TAMS 0x0000000715400000| PB 0x0000000715400000| Complete |  0
| 121|0x0000000715600000, 0x0000000715800000, 0x0000000715800000|100%| E|CS|TAMS 0x0000000715600000| PB 0x0000000715600000| Complete |  0
| 122|0x0000000715800000, 0x0000000715a00000, 0x0000000715a00000|100%| E|CS|TAMS 0x0000000715800000| PB 0x0000000715800000| Complete |  0
| 123|0x0000000715a00000, 0x0000000715c00000, 0x0000000715c00000|100%| E|CS|TAMS 0x0000000715a00000| PB 0x0000000715a00000| Complete |  0
| 124|0x0000000715c00000, 0x0000000715e00000, 0x0000000715e00000|100%| E|CS|TAMS 0x0000000715c00000| PB 0x0000000715c00000| Complete |  0
|1997|0x00000007ffe00000, 0x00000007fff1d1c0, 0x0000000800000000| 55%| O|  |TAMS 0x00000007ffe00000| PB 0x00000007ffe00000| Untracked |  0

Card table byte_map: [0x0000024b24830000,0x0000024b25000000] _byte_map_base: 0x0000024b20ffe000

Marking Bits: (CMBitMap*) 0x0000024b0a1de210
 Bits: [0x0000024b25000000, 0x0000024b28e70000)

Polling page: 0x0000024b0bb50000

Metaspace:

Usage:
  Non-class:      6.81 MB used.
      Class:    718.32 KB used.
       Both:      7.51 MB used.

Virtual space:
  Non-class space:       64.00 MB reserved,       6.94 MB ( 11%) committed,  1 nodes.
      Class space:        1.00 GB reserved,     832.00 KB ( <1%) committed,  1 nodes.
             Both:        1.06 GB reserved,       7.75 MB ( <1%) committed. 

Chunk freelists:
   Non-Class:  8.97 MB
       Class:  15.19 MB
        Both:  24.17 MB

MaxMetaspaceSize: unlimited
CompressedClassSpaceSize: 1.00 GB
Initial GC threshold: 21.00 MB
Current GC threshold: 21.00 MB
CDS: on
 - commit_granule_bytes: 65536.
 - commit_granule_words: 8192.
 - virtual_space_node_default_size: 8388608.
 - enlarge_chunks_in_place: 1.
UseCompressedClassPointers 1, UseCompactObjectHeaders 0
Narrow klass pointer bits 32, Max shift 3
Narrow klass base: 0x0000024b2c000000, Narrow klass shift: 0
Encoding Range: [0x0000024b2c000000 - 0x0000024c2c000000), (4294967296 bytes)
Klass Range:    [0x0000024b2c000000 - 0x0000024b6d000000), (1090519040 bytes)
Klass ID Range:  [8 - 1090519033) (1090519025)


Internal statistics:

num_allocs_failed_limit: 0.
num_arena_births: 190.
num_arena_deaths: 0.
num_vsnodes_births: 2.
num_vsnodes_deaths: 0.
num_space_committed: 124.
num_space_uncommitted: 0.
num_chunks_returned_to_freelist: 0.
num_chunks_taken_from_freelist: 275.
num_chunk_merges: 0.
num_chunk_splits: 145.
num_chunks_enlarged: 27.
num_inconsistent_stats: 0.

CodeHeap 'non-profiled nmethods': size=120064Kb used=682Kb max_used=682Kb free=119381Kb
 bounds [0x0000024b1c6e0000, 0x0000024b1c950000, 0x0000024b23c20000]
CodeHeap 'profiled nmethods': size=120000Kb used=2630Kb max_used=2630Kb free=117370Kb
 bounds [0x0000024b14c20000, 0x0000024b14ec0000, 0x0000024b1c150000]
CodeHeap 'non-nmethods': size=5696Kb used=1332Kb max_used=1416Kb free=4363Kb
 bounds [0x0000024b1c150000, 0x0000024b1c3c0000, 0x0000024b1c6e0000]
CodeCache: size=245760Kb, used=4644Kb, max_used=4728Kb, free=241114Kb
 total_blobs=2363, nmethods=1864, adapters=404, full_count=0
Compilation: enabled, stopped_count=0, restarted_count=0

Compilation events (20 events):
Event: 6.093 Thread 0x0000024b7156afe0 nmethod 1809 0x0000024b1c77a708 code [0x0000024b1c77a960, 0x0000024b1c77b5f8]
Event: 6.093 Thread 0x0000024b7156afe0 1837       4       java.lang.String::startsWith (7 bytes)
Event: 6.097 Thread 0x0000024b2b8d1660 1852       1       jdk.jfr.internal.periodic.EventTask::getEventType (5 bytes)
Event: 6.097 Thread 0x0000024b2b8d1660 nmethod 1852 0x0000024b1c77b708 code [0x0000024b1c77b800, 0x0000024b1c77b8c8]
Event: 6.097 Thread 0x0000024b2ba57d40 nmethod 1824 0x0000024b1c77ba08 code [0x0000024b1c77bca0, 0x0000024b1c77d8d8]
Event: 6.097 Thread 0x0000024b2b8d1660 1853       3       java.lang.classfile.constantpool.ConstantPoolBuilder::of (8 bytes)
Event: 6.097 Thread 0x0000024b2b8d1660 nmethod 1853 0x0000024b14eadb08 code [0x0000024b14eadc20, 0x0000024b14eaddb0]
Event: 6.097 Thread 0x0000024b2b8d1660 1854       3       jdk.internal.classfile.impl.SplitConstantPool::<init> (54 bytes)
Event: 6.098 Thread 0x0000024b2b8d1660 nmethod 1854 0x0000024b14eade08 code [0x0000024b14eadf20, 0x0000024b14eae2d8]
Event: 6.098 Thread 0x0000024b2b8d1660 1855       3       jdk.internal.classfile.impl.EntryMap::nextPowerOfTwo (10 bytes)
Event: 6.099 Thread 0x0000024b2b8d1660 nmethod 1855 0x0000024b14eae308 code [0x0000024b14eae440, 0x0000024b14eae640]
Event: 6.099 Thread 0x0000024b2b8d1660 1856       1       jdk.internal.classfile.impl.DirectClassBuilder::setInterfaces (6 bytes)
Event: 6.099 Thread 0x0000024b2b8d1660 nmethod 1856 0x0000024b1c77d988 code [0x0000024b1c77daa0, 0x0000024b1c77dbb8]
Event: 6.099 Thread 0x0000024b2b8d1660 1858       3       java.util.Comparator$$Lambda/0x0000024b2d0a07f0::compare (10 bytes)
Event: 6.100 Thread 0x0000024b2b8d1660 nmethod 1858 0x0000024b14eae688 code [0x0000024b14eae7e0, 0x0000024b14eaec58]
Event: 6.100 Thread 0x0000024b2b8d1660 1859       3       java.util.Comparator::lambda$comparingLong$6043328a$1 (18 bytes)
Event: 6.100 Thread 0x0000024b2b8d1660 nmethod 1859 0x0000024b14eaec88 code [0x0000024b14eaede0, 0x0000024b14eaf1c0]
Event: 6.100 Thread 0x0000024b2b8d1660 1857       1       jdk.jfr.internal.periodic.PeriodicTask::getPeriod (5 bytes)
Event: 6.100 Thread 0x0000024b2b8d1660 nmethod 1857 0x0000024b1c77dc88 code [0x0000024b1c77dd80, 0x0000024b1c77de48]
Event: 6.106 Thread 0x0000024b7156afe0 nmethod 1837 0x0000024b1c77df88 code [0x0000024b1c77e0a0, 0x0000024b1c77e538]

GC Heap History (0 events):
No events

Dll operation events (12 events):
Event: 0.021 Loaded shared library D:\jdk\bin\java.dll
Event: 0.067 Loaded shared library D:\jdk\bin\jsvml.dll
Event: 0.108 Loaded shared library D:\jdk\bin\zip.dll
Event: 0.113 Loaded shared library D:\jdk\bin\instrument.dll
Event: 0.121 Loaded shared library D:\jdk\bin\net.dll
Event: 0.123 Loaded shared library D:\jdk\bin\nio.dll
Event: 0.126 Loaded shared library D:\jdk\bin\zip.dll
Event: 0.147 Loaded shared library D:\jdk\bin\extnet.dll
Event: 0.203 Loaded shared library D:\jdk\bin\jimage.dll
Event: 0.260 Loaded shared library D:\jdk\bin\management.dll
Event: 0.272 Loaded shared library D:\jdk\bin\management_ext.dll
Event: 5.723 Loaded shared library C:\Users\AAAA\AppData\Local\Temp\idea_libasyncProfiler_dll_temp_folder\libasyncProfiler.dll

Deoptimization events (20 events):
Event: 5.935 Thread 0x0000024b2b8c2ea0 Uncommon trap: trap_request=0xffffff4d fr.pc=0x0000024b1c764cf0 relative=0x00000000000000d0
Event: 5.935 Thread 0x0000024b2b8c2ea0 Uncommon trap: reason=unstable_if action=reinterpret pc=0x0000024b1c764cf0 method=jdk.jfr.internal.Type.getKnownType(Ljava/lang/Class;)Ljdk/jfr/internal/Type; @ 47 c2
Event: 5.935 Thread 0x0000024b2b8c2ea0 DEOPT PACKING pc=0x0000024b1c764cf0 sp=0x000000cc0b2fe470
Event: 5.935 Thread 0x0000024b2b8c2ea0 DEOPT UNPACKING pc=0x0000024b1c267682 sp=0x000000cc0b2fe408 mode 2
Event: 5.949 Thread 0x0000024b2b8c2ea0 Uncommon trap: trap_request=0xffffff4d fr.pc=0x0000024b1c76604c relative=0x000000000000028c
Event: 5.949 Thread 0x0000024b2b8c2ea0 Uncommon trap: reason=unstable_if action=reinterpret pc=0x0000024b1c76604c method=java.util.concurrent.ConcurrentHashMap.get(Ljava/lang/Object;)Ljava/lang/Object; @ 76 c2
Event: 5.949 Thread 0x0000024b2b8c2ea0 DEOPT PACKING pc=0x0000024b1c76604c sp=0x000000cc0b2fe490
Event: 5.949 Thread 0x0000024b2b8c2ea0 DEOPT UNPACKING pc=0x0000024b1c267682 sp=0x000000cc0b2fe408 mode 2
Event: 5.967 Thread 0x0000024b2b8c2ea0 Uncommon trap: trap_request=0xffffffcc fr.pc=0x0000024b1c76829c relative=0x00000000000003dc
Event: 5.967 Thread 0x0000024b2b8c2ea0 Uncommon trap: reason=intrinsic_or_type_checked_inlining action=make_not_entrant pc=0x0000024b1c76829c method=java.util.Arrays.copyOf([Ljava/lang/Object;ILjava/lang/Class;)[Ljava/lang/Object; @ 35 c2
Event: 5.967 Thread 0x0000024b2b8c2ea0 DEOPT PACKING pc=0x0000024b1c76829c sp=0x000000cc0b2fe5e0
Event: 5.967 Thread 0x0000024b2b8c2ea0 DEOPT UNPACKING pc=0x0000024b1c267682 sp=0x000000cc0b2fe588 mode 2
Event: 6.073 Thread 0x0000024b2b8c2ea0 Uncommon trap: trap_request=0xffffff4d fr.pc=0x0000024b1c776404 relative=0x00000000000003e4
Event: 6.073 Thread 0x0000024b2b8c2ea0 Uncommon trap: reason=unstable_if action=reinterpret pc=0x0000024b1c776404 method=java.io.ByteArrayOutputStream.ensureCapacity(I)V @ 11 c2
Event: 6.073 Thread 0x0000024b2b8c2ea0 DEOPT PACKING pc=0x0000024b1c776404 sp=0x000000cc0b2fe940
Event: 6.073 Thread 0x0000024b2b8c2ea0 DEOPT UNPACKING pc=0x0000024b1c267682 sp=0x000000cc0b2fe820 mode 2
Event: 6.077 Thread 0x0000024b2b8c2ea0 Uncommon trap: trap_request=0xffffff4d fr.pc=0x0000024b1c775e2c relative=0x000000000000020c
Event: 6.077 Thread 0x0000024b2b8c2ea0 Uncommon trap: reason=unstable_if action=reinterpret pc=0x0000024b1c775e2c method=java.io.ByteArrayOutputStream.ensureCapacity(I)V @ 11 c2
Event: 6.077 Thread 0x0000024b2b8c2ea0 DEOPT PACKING pc=0x0000024b1c775e2c sp=0x000000cc0b2fe820
Event: 6.077 Thread 0x0000024b2b8c2ea0 DEOPT UNPACKING pc=0x0000024b1c267682 sp=0x000000cc0b2fe758 mode 2

Classes loaded (20 events):
Event: 6.054 Loading class jdk/jfr/internal/MetadataWriter
Event: 6.055 Loading class jdk/jfr/internal/MetadataWriter done
Event: 6.055 Loading class jdk/jfr/internal/MetadataDescriptor$Element
Event: 6.055 Loading class jdk/jfr/internal/MetadataDescriptor$Element done
Event: 6.056 Loading class jdk/jfr/internal/MetadataDescriptor$Attribute
Event: 6.056 Loading class jdk/jfr/internal/MetadataDescriptor$Attribute done
Event: 6.067 Loading class jdk/jfr/internal/consumer/StringParser$Encoding
Event: 6.068 Loading class jdk/jfr/internal/consumer/StringParser$Encoding done
Event: 6.081 Loading class jdk/jfr/internal/consumer/RepositoryFiles
Event: 6.082 Loading class jdk/jfr/internal/consumer/RepositoryFiles done
Event: 6.086 Loading class jdk/jfr/internal/SettingsManager$InternalSetting
Event: 6.086 Loading class jdk/jfr/internal/SettingsManager$InternalSetting done
Event: 6.089 Loading class jdk/jfr/internal/util/Rate
Event: 6.089 Loading class jdk/jfr/internal/util/Rate done
Event: 6.089 Loading class jdk/jfr/internal/util/TimespanUnit
Event: 6.089 Loading class jdk/jfr/internal/util/TimespanUnit done
Event: 6.089 Loading class jdk/jfr/internal/util/ValueParser
Event: 6.090 Loading class jdk/jfr/internal/util/ValueParser done
Event: 6.091 Loading class jdk/jfr/internal/periodic/PeriodicType
Event: 6.091 Loading class jdk/jfr/internal/periodic/PeriodicType done

Classes unloaded (0 events):
No events

Classes redefined (0 events):
No events

Internal exceptions (20 events):
Event: 0.686 Thread 0x0000024b719378b0 Exception <a 'java/lang/NoSuchMethodError'{0x0000000714d119f0}: 'java.lang.Object java.lang.invoke.DirectMethodHandle$Holder.invokeStatic(java.lang.Object, java.lang.Object, java.lang.Object, java.lang.Object, java.lang.Object, java.lang.Object, java.lang.Object, java.lang.Object)'> (0x0000000714d119f0) 
thrown [s\open\src\hotspot\share\interpreter\linkResolver.cpp, line 805]
Event: 0.690 Thread 0x0000024b719378b0 Exception <a 'java/lang/NoSuchMethodError'{0x0000000714d352f8}: 'java.lang.Object java.lang.invoke.DirectMethodHandle$Holder.invokeStatic(java.lang.Object, java.lang.Object, java.lang.Object, java.lang.Object, java.lang.Object, java.lang.Object, java.lang.Object, java.lang.Object, java.lang.Object)'> (0x0000000714d352f8) 
thrown [s\open\src\hotspot\share\interpreter\linkResolver.cpp, line 805]
Event: 0.691 Thread 0x0000024b719378b0 Exception <a 'java/lang/NoSuchMethodError'{0x0000000714d487a8}: 'java.lang.Object java.lang.invoke.Invokers$Holder.invokeExact_MT(java.lang.Object, java.lang.Object, java.lang.Object, java.lang.Object, java.lang.Object, java.lang.Object)'> (0x0000000714d487a8) 
thrown [s\open\src\hotspot\share\interpreter\linkResolver.cpp, line 805]
Event: 0.694 Thread 0x0000024b719378b0 Exception <a 'java/lang/NoSuchMethodError'{0x0000000714d544e8}: 'java.lang.Object java.lang.invoke.DirectMethodHandle$Holder.invokeInterface(java.lang.Object, java.lang.Object, java.lang.Object, java.lang.Object, java.lang.Object)'> (0x0000000714d544e8) 
thrown [s\open\src\hotspot\share\interpreter\linkResolver.cpp, line 805]
Event: 0.705 Thread 0x0000024b719378b0 Exception <a 'java/lang/NoSuchMethodError'{0x0000000714d9f100}: 'double java.lang.invoke.DirectMethodHandle$Holder.invokeInterface(java.lang.Object, java.lang.Object)'> (0x0000000714d9f100) 
thrown [s\open\src\hotspot\share\interpreter\linkResolver.cpp, line 805]
Event: 0.706 Thread 0x0000024b719378b0 Exception <a 'java/lang/NoSuchMethodError'{0x0000000714dafd70}: 'double java.lang.invoke.DelegatingMethodHandle$Holder.reinvoke_L(java.lang.Object, java.lang.Object)'> (0x0000000714dafd70) 
thrown [s\open\src\hotspot\share\interpreter\linkResolver.cpp, line 805]
Event: 1.358 Thread 0x0000024b719378b0 Exception <a 'java/lang/NoSuchMethodError'{0x0000000714dd79a0}: 'long java.lang.invoke.DirectMethodHandle$Holder.invokeVirtual(java.lang.Object, java.lang.Object)'> (0x0000000714dd79a0) 
thrown [s\open\src\hotspot\share\interpreter\linkResolver.cpp, line 805]
Event: 1.358 Thread 0x0000024b719378b0 Exception <a 'java/lang/NoSuchMethodError'{0x0000000714ddfc90}: 'java.lang.Object java.lang.invoke.DirectMethodHandle$Holder.invokeStatic(java.lang.Object, long)'> (0x0000000714ddfc90) 
thrown [s\open\src\hotspot\share\interpreter\linkResolver.cpp, line 805]
Event: 1.359 Thread 0x0000024b719378b0 Exception <a 'java/lang/NoSuchMethodError'{0x0000000714defd38}: 'long java.lang.invoke.DelegatingMethodHandle$Holder.reinvoke_L(java.lang.Object, java.lang.Object)'> (0x0000000714defd38) 
thrown [s\open\src\hotspot\share\interpreter\linkResolver.cpp, line 805]
Event: 5.777 Thread 0x0000024b2b8c2ea0 Implicit null exception at 0x0000024b1c716bd9 to 0x0000024b1c7178d0
Event: 5.801 Thread 0x0000024b2b8c2ea0 Exception <a 'java/lang/NoSuchMethodError'{0x0000000714bc2d40}: 'void java.lang.invoke.DirectMethodHandle$Holder.invokeStaticInit(java.lang.Object)'> (0x0000000714bc2d40) 
thrown [s\open\src\hotspot\share\interpreter\linkResolver.cpp, line 805]
Event: 5.813 Thread 0x0000024b2b8c2ea0 Exception <a 'java/lang/NoSuchMethodError'{0x00000007148217d0}: 'java.lang.Object java.lang.invoke.DirectMethodHandle$Holder.newInvokeSpecial(java.lang.Object, java.lang.Object, java.lang.Object, java.lang.Object, java.lang.Object)'> (0x00000007148217d0) 
thrown [s\open\src\hotspot\share\interpreter\linkResolver.cpp, line 805]
Event: 5.875 Thread 0x0000024b2b8c2ea0 Exception <a 'java/lang/NoSuchMethodError'{0x00000007149b9518}: 'int java.lang.invoke.DirectMethodHandle$Holder.invokeStatic(java.lang.Object, java.lang.Object, java.lang.Object, java.lang.Object)'> (0x00000007149b9518) 
thrown [s\open\src\hotspot\share\interpreter\linkResolver.cpp, line 805]
Event: 6.025 Thread 0x0000024b2b8c2ea0 Exception <a 'java/lang/NoSuchMethodError'{0x00000007145c5b78}: 'void java.lang.invoke.DirectMethodHandle$Holder.invokeSpecial(java.lang.Object, java.lang.Object, int)'> (0x00000007145c5b78) 
thrown [s\open\src\hotspot\share\interpreter\linkResolver.cpp, line 805]
Event: 6.026 Thread 0x0000024b2b8c2ea0 Exception <a 'java/lang/NoSuchMethodError'{0x00000007145cd798}: 'void java.lang.invoke.Invokers$Holder.invokeExact_MT(java.lang.Object, int, java.lang.Object)'> (0x00000007145cd798) 
thrown [s\open\src\hotspot\share\interpreter\linkResolver.cpp, line 805]
Event: 6.028 Thread 0x0000024b2b8c2ea0 Exception <a 'java/lang/NoSuchMethodError'{0x00000007145e7f78}: 'void java.lang.invoke.DirectMethodHandle$Holder.invokeStatic(java.lang.Object, java.lang.Object, int)'> (0x00000007145e7f78) 
thrown [s\open\src\hotspot\share\interpreter\linkResolver.cpp, line 805]
Event: 6.029 Thread 0x0000024b2b8c2ea0 Exception <a 'java/lang/NoSuchMethodError'{0x00000007145fa208}: 'java.lang.Object java.lang.invoke.DirectMethodHandle$Holder.newInvokeSpecial(java.lang.Object, java.lang.Object, int)'> (0x00000007145fa208) 
thrown [s\open\src\hotspot\share\interpreter\linkResolver.cpp, line 805]
Event: 6.039 Thread 0x0000024b2b8c2ea0 Exception <a 'sun/nio/fs/WindowsException'{0x000000071422e760}> (0x000000071422e760) 
thrown [s\open\src\hotspot\share\prims\jni.cpp, line 518]
Event: 6.042 Thread 0x0000024b2b8c2ea0 Exception <a 'sun/nio/fs/WindowsException'{0x000000071423b528}> (0x000000071423b528) 
thrown [s\open\src\hotspot\share\prims\jni.cpp, line 518]
Event: 6.049 Thread 0x0000024b2b8c2ea0 Exception <a 'sun/nio/fs/WindowsException'{0x000000071424d278}> (0x000000071424d278) 
thrown [s\open\src\hotspot\share\prims\jni.cpp, line 518]

VM Operations (14 events):
Event: 0.092 Executing VM operation: HandshakeAllThreads (Deoptimize)
Event: 0.092 Executing VM operation: HandshakeAllThreads (Deoptimize) done
Event: 0.213 Executing VM operation: HandshakeAllThreads (Deoptimize)
Event: 0.213 Executing VM operation: HandshakeAllThreads (Deoptimize) done
Event: 0.529 Executing VM operation: HandshakeAllThreads (Deoptimize)
Event: 0.529 Executing VM operation: HandshakeAllThreads (Deoptimize) done
Event: 0.615 Executing VM operation: HandshakeAllThreads (Deoptimize)
Event: 0.615 Executing VM operation: HandshakeAllThreads (Deoptimize) done
Event: 0.661 Executing VM operation: HandshakeAllThreads (Deoptimize)
Event: 0.661 Executing VM operation: HandshakeAllThreads (Deoptimize) done
Event: 6.034 Executing VM operation: HandshakeAllThreads (Deoptimize)
Event: 6.034 Executing VM operation: HandshakeAllThreads (Deoptimize) done
Event: 6.082 Executing VM operation: JFRSafepointClear
Event: 6.082 Executing VM operation: JFRSafepointClear done

Memory protections (0 events):
No events

Nmethod flushes (0 events):
No events

Events (20 events):
Event: 0.065 Thread 0x0000024b0c373640 Thread added: 0x0000024b2b8c2ea0
Event: 0.065 Thread 0x0000024b0c373640 Thread added: 0x0000024b2b8c4170
Event: 0.065 Thread 0x0000024b0c373640 Thread added: 0x0000024b2b8c5440
Event: 0.065 Thread 0x0000024b0c373640 Thread added: 0x0000024b2b8ce330
Event: 0.065 Thread 0x0000024b0c373640 Thread added: 0x0000024b2b8d1660
Event: 0.118 Thread 0x0000024b0c373640 Thread added: 0x0000024b2bad8890
Event: 0.139 Thread 0x0000024b0c373640 Thread added: 0x0000024b2bad2f10
Event: 0.139 Thread 0x0000024b0c373640 Thread added: 0x0000024b2badecc0
Event: 0.383 Thread 0x0000024b2b8ce330 Thread added: 0x0000024b2bb27210
Event: 0.479 Thread 0x0000024b2bb27210 Thread added: 0x0000024b71435ed0
Event: 0.622 Thread 0x0000024b2b8c2ea0 Thread added: 0x0000024b71783100
Event: 0.639 Thread 0x0000024b71783100 Thread added: 0x0000024b719378b0
Event: 0.655 Thread 0x0000024b719378b0 Thread added: 0x0000024b717bc6e0
Event: 0.660 Thread 0x0000024b719378b0 Thread added: 0x0000024b717bf230
Event: 1.356 Thread 0x0000024b2bb27210 Thread exited: 0x0000024b2bb27210
Event: 1.356 Thread 0x0000024b71435ed0 Thread exited: 0x0000024b71435ed0
Event: 5.744 Thread 0x0000024b2b8d1660 Thread added: 0x0000024b2ba57d40
Event: 5.745 Thread 0x0000024b2b8d1660 Thread added: 0x0000024b7156afe0
Event: 5.795 Thread 0x0000024b2b8c2ea0 Thread added: 0x0000024b71df2630
Event: 6.030 Thread 0x0000024b2b8c2ea0 Thread added: 0x0000024b2bbe9ea0


Dynamic libraries:
0x00007ff69c8f0000 - 0x00007ff69c900000 	D:\jdk\bin\java.exe
0x00007ffe15ed0000 - 0x00007ffe160c8000 	C:\Windows\SYSTEM32\ntdll.dll
0x00007ffe14290000 - 0x00007ffe14352000 	C:\Windows\System32\KERNEL32.DLL
0x00007ffe137d0000 - 0x00007ffe13ac6000 	C:\Windows\System32\KERNELBASE.dll
0x00007ffe13e00000 - 0x00007ffe13f00000 	C:\Windows\System32\ucrtbase.dll
0x00007ffe0f930000 - 0x00007ffe0f94b000 	D:\jdk\bin\VCRUNTIME140.dll
0x00007ffe0e550000 - 0x00007ffe0e566000 	D:\jdk\bin\jli.dll
0x00007ffe147d0000 - 0x00007ffe1496d000 	C:\Windows\System32\USER32.dll
0x00007ffe13570000 - 0x00007ffe13592000 	C:\Windows\System32\win32u.dll
0x00007ffdf96e0000 - 0x00007ffdf997a000 	C:\Windows\WinSxS\amd64_microsoft.windows.common-controls_6595b64144ccf1df_6.0.19041.5794_none_60bcd33171f2783c\COMCTL32.dll
0x00007ffe147a0000 - 0x00007ffe147cb000 	C:\Windows\System32\GDI32.dll
0x00007ffe15210000 - 0x00007ffe152ae000 	C:\Windows\System32\msvcrt.dll
0x00007ffe135a0000 - 0x00007ffe136ba000 	C:\Windows\System32\gdi32full.dll
0x00007ffe13d60000 - 0x00007ffe13dfd000 	C:\Windows\System32\msvcp_win.dll
0x00007ffe151e0000 - 0x00007ffe1520f000 	C:\Windows\System32\IMM32.DLL
0x00007ffe0f900000 - 0x00007ffe0f90c000 	D:\jdk\bin\vcruntime140_1.dll
0x00007ffdfbaf0000 - 0x00007ffdfbb7e000 	D:\jdk\bin\msvcp140.dll
0x00007ffd733f0000 - 0x00007ffd74192000 	D:\jdk\bin\server\jvm.dll
0x00007ffe15020000 - 0x00007ffe150cf000 	C:\Windows\System32\ADVAPI32.dll
0x00007ffe14d60000 - 0x00007ffe14dff000 	C:\Windows\System32\sechost.dll
0x00007ffe14b80000 - 0x00007ffe14ca3000 	C:\Windows\System32\RPCRT4.dll
0x00007ffe13c80000 - 0x00007ffe13ca7000 	C:\Windows\System32\bcrypt.dll
0x00007ffe14e80000 - 0x00007ffe14eeb000 	C:\Windows\System32\WS2_32.dll
0x00007ffe132b0000 - 0x00007ffe132fb000 	C:\Windows\SYSTEM32\POWRPROF.dll
0x00007ffe0bd00000 - 0x00007ffe0bd0a000 	C:\Windows\SYSTEM32\VERSION.dll
0x00007ffe0f950000 - 0x00007ffe0f977000 	C:\Windows\SYSTEM32\WINMM.dll
0x00007ffe13290000 - 0x00007ffe132a2000 	C:\Windows\SYSTEM32\UMPDC.dll
0x00007ffe11d90000 - 0x00007ffe11da2000 	C:\Windows\SYSTEM32\kernel.appcore.dll
0x00007ffe0e690000 - 0x00007ffe0e69a000 	D:\jdk\bin\jimage.dll
0x00007ffe10fb0000 - 0x00007ffe111b1000 	C:\Windows\SYSTEM32\DBGHELP.DLL
0x00007ffe0f980000 - 0x00007ffe0f9b4000 	C:\Windows\SYSTEM32\dbgcore.DLL
0x00007ffe13740000 - 0x00007ffe137c2000 	C:\Windows\System32\bcryptPrimitives.dll
0x00007ffe0cb50000 - 0x00007ffe0cb5f000 	D:\jdk\bin\instrument.dll
0x00007ffe0cb20000 - 0x00007ffe0cb3e000 	D:\jdk\bin\java.dll
0x00007ffe14a30000 - 0x00007ffe14b5b000 	C:\Windows\System32\ole32.dll
0x00007ffe14360000 - 0x00007ffe146b3000 	C:\Windows\System32\combase.dll
0x00007ffe152b0000 - 0x00007ffe15a1e000 	C:\Windows\System32\SHELL32.dll
0x00007ffe115d0000 - 0x00007ffe11d73000 	C:\Windows\SYSTEM32\windows.storage.dll
0x00007ffe12ed0000 - 0x00007ffe12efb000 	C:\Windows\SYSTEM32\Wldp.dll
0x00007ffe14110000 - 0x00007ffe141dd000 	C:\Windows\System32\OLEAUT32.dll
0x00007ffe141e0000 - 0x00007ffe1428d000 	C:\Windows\System32\SHCORE.dll
0x00007ffe150e0000 - 0x00007ffe15135000 	C:\Windows\System32\shlwapi.dll
0x00007ffe134a0000 - 0x00007ffe134c5000 	C:\Windows\SYSTEM32\profapi.dll
0x00007ffdf76e0000 - 0x00007ffdf77b7000 	D:\jdk\bin\jsvml.dll
0x00007ffdff030000 - 0x00007ffdff047000 	D:\jdk\bin\zip.dll
0x00007ffe0cb10000 - 0x00007ffe0cb20000 	D:\jdk\bin\net.dll
0x00007ffe12c30000 - 0x00007ffe12c9c000 	C:\Windows\system32\mswsock.dll
0x00007ffdff050000 - 0x00007ffdff066000 	D:\jdk\bin\nio.dll
0x00007ffe0cb00000 - 0x00007ffe0cb09000 	D:\jdk\bin\extnet.dll
0x00007ffe12950000 - 0x00007ffe12a1a000 	C:\Windows\SYSTEM32\DNSAPI.dll
0x00007ffe12910000 - 0x00007ffe1294b000 	C:\Windows\SYSTEM32\IPHLPAPI.DLL
0x00007ffe150d0000 - 0x00007ffe150d8000 	C:\Windows\System32\NSI.dll
0x00000000671b0000 - 0x00000000671d6000 	C:\Program Files\Bonjour\mdnsNSP.dll
0x00007ffe0b0d0000 - 0x00007ffe0b0da000 	C:\Windows\System32\rasadhlp.dll
0x00007ffe01e30000 - 0x00007ffe01eb0000 	C:\Windows\System32\fwpuclnt.dll
0x00007ffe0b930000 - 0x00007ffe0b93a000 	D:\jdk\bin\management.dll
0x00007ffe0a8a0000 - 0x00007ffe0a8ab000 	D:\jdk\bin\management_ext.dll
0x00007ffe14ef0000 - 0x00007ffe14ef8000 	C:\Windows\System32\PSAPI.DLL
0x00007ffe12e20000 - 0x00007ffe12e38000 	C:\Windows\SYSTEM32\CRYPTSP.dll
0x00007ffe12550000 - 0x00007ffe12588000 	C:\Windows\system32\rsaenh.dll
0x00007ffe13460000 - 0x00007ffe1348e000 	C:\Windows\SYSTEM32\USERENV.dll
0x00007ffe12e40000 - 0x00007ffe12e4c000 	C:\Windows\SYSTEM32\CRYPTBASE.dll
0x00007ffdf4c30000 - 0x00007ffdf4c47000 	C:\Windows\system32\napinsp.dll
0x00007ffdf4c10000 - 0x00007ffdf4c2b000 	C:\Windows\system32\pnrpnsp.dll
0x00007ffe0ed60000 - 0x00007ffe0ed7d000 	C:\Windows\system32\wshbth.dll
0x00007ffe0c580000 - 0x00007ffe0c59d000 	C:\Windows\system32\NLAapi.dll
0x00007ffdf4bf0000 - 0x00007ffdf4c02000 	C:\Windows\System32\winrnr.dll
0x00007ffdf9990000 - 0x00007ffdf99e1000 	C:\Windows\SYSTEM32\pdh.dll
0x00007ffdfbcf0000 - 0x00007ffdfbcff000 	C:\Windows\System32\perfproc.dll
0x00007ffdeaeb0000 - 0x00007ffdeaebf000 	C:\Windows\System32\perfos.dll
0x00007ffd7f8c0000 - 0x00007ffd7fab8000 	C:\Users\AAAA\AppData\Local\Temp\idea_libasyncProfiler_dll_temp_folder\libasyncProfiler.dll

JVMTI agents:
D:\idea\IntelliJ IDEA 2025.1.1.1\lib\idea_rt.jar path:D:\jdk\bin\instrument.dll, loaded, initialized, instrumentlib options:58188

dbghelp: loaded successfully - version: 4.0.5 - missing functions: none
symbol engine: initialized successfully - sym options: 0x614 - pdb path: .;D:\jdk\bin;C:\Windows\SYSTEM32;C:\Windows\WinSxS\amd64_microsoft.windows.common-controls_6595b64144ccf1df_6.0.19041.5794_none_60bcd33171f2783c;D:\jdk\bin\server;C:\Program Files\Bonjour;C:\Users\AAAA\AppData\Local\Temp\idea_libasyncProfiler_dll_temp_folder

VM Arguments:
jvm_args: -javaagent:D:\idea\IntelliJ IDEA 2025.1.1.1\lib\idea_rt.jar=58188 -Dfile.encoding=UTF-8 -Dsun.stdout.encoding=UTF-8 -Dsun.stderr.encoding=UTF-8 
java_command: lianxi.lianxi_3
java_class_path (initial): C:\Users\AAAA\IdeaProjects\lianxi_1\out\production\lianxi_1
Launcher Type: SUN_STANDARD

[Global flags]
     intx CICompilerCount                          = 4                                         {product} {ergonomic}
     uint ConcGCThreads                            = 2                                         {product} {ergonomic}
     bool FlightRecorder                           = true                                      {product} {management}
     uint G1ConcRefinementThreads                  = 8                                         {product} {ergonomic}
   size_t G1HeapRegionSize                         = 2097152                                   {product} {ergonomic}
   size_t InitialHeapSize                          = 262144000                                 {product} {ergonomic}
   size_t MarkStackSize                            = 4194304                                   {product} {ergonomic}
   size_t MarkStackSizeMax                         = 536870912                                 {product} {ergonomic}
   size_t MaxHeapSize                              = 4190109696                                {product} {ergonomic}
   size_t MaxNewSize                               = 2512388096                                {product} {ergonomic}
   size_t MinHeapDeltaBytes                        = 2097152                                   {product} {ergonomic}
   size_t MinHeapSize                              = 8388608                                   {product} {ergonomic}
    uintx NonNMethodCodeHeapSize                   = 5832704                                {pd product} {ergonomic}
    uintx NonProfiledCodeHeapSize                  = 122945536                              {pd product} {ergonomic}
    uintx ProfiledCodeHeapSize                     = 122880000                              {pd product} {ergonomic}
    uintx ReservedCodeCacheSize                    = 251658240                              {pd product} {ergonomic}
     bool SegmentedCodeCache                       = true                                      {product} {ergonomic}
   size_t SoftMaxHeapSize                          = 4190109696                             {manageable} {ergonomic}
     bool UseCompressedOops                        = true                           {product lp64_product} {ergonomic}
     bool UseG1GC                                  = true                                      {product} {ergonomic}
     bool UseLargePagesIndividualAllocation        = false                                  {pd product} {ergonomic}

Logging:
Log output configuration:
 #0: stdout all=warning uptime,level,tags foldmultilines=false
 #1: stderr all=off uptime,level,tags foldmultilines=false

Environment Variables:
JAVA_HOME=D:\jdk
PATH=D:\jdk\bin;C:\Program Files (x86)\Common Files\Intel\Shared Libraries\redist\intel64\compiler;D:\vmware\bin\;C:\Windows\system32;C:\Windows;C:\Windows\System32\Wbem;C:\Windows\System32\WindowsPowerShell\v1.0\;C:\Windows\System32\OpenSSH\;C:\Program Files\MySQL\MySQL Server 5.7\bin;D:\Matlab\runtime\win64;D:\Matlab\bin;C:\MinGW\bin;C:\Users\AAAA\AppData\Local\Programs\Python\Python313-32\Scripts\;C:\Users\AAAA\AppData\Local\Programs\Python\Python313-32\;C:\Users\AAAA\AppData\Local\Programs\Python\Launcher\;C:\Users\AAAA\AppData\Local\Microsoft\WindowsApps;
USERNAME=AAAA
OS=Windows_NT
PROCESSOR_IDENTIFIER=Intel64 Family 6 Model 142 Stepping 12, GenuineIntel
TMP=C:\Users\AAAA\AppData\Local\Temp
TEMP=C:\Users\AAAA\AppData\Local\Temp




Periodic native trim disabled

---------------  S Y S T E M  ---------------

OS:
 Windows 10 , 64 bit Build 19041 (10.0.19041.5794)
OS uptime: 1 days 21:39 hours

CPU: total 8 (initial active 8) (4 cores per cpu, 2 threads per core) family 6 model 142 stepping 12 microcode 0xf0, cx8, cmov, fxsr, ht, mmx, 3dnowpref, sse, sse2, sse3, ssse3, sse4.1, sse4.2, popcnt, lzcnt, tsc, tscinvbit, avx, avx2, aes, erms, clmul, bmi1, bmi2, adx, fma, vzeroupper, clflush, clflushopt, rdtscp, f16c
Processor Information for the first 8 processors :
  Max Mhz: 2101, Current Mhz: 2101, Mhz Limit: 2101

Memory: 4k page, system-wide physical 15977M (7629M free)
TotalPageFile size 17001M (AvailPageFile size 5377M)
current process WorkingSet (physical memory assigned to process): 109M, peak: 114M
current process commit charge ("private bytes"): 404M, peak: 418M

vm_info: Java HotSpot(TM) 64-Bit Server VM (24.0.1+9-30) for windows-amd64 JRE (24.0.1+9-30), built on 2025-03-05T07:23:45Z with MS VC++ 17.6 (VS2022)

END.
